Using pre-set license
Built from '2021.1/staging' branch; Version is '2021.1.5f1 (3737af19df53) revision 3618735'; Using compiler version '192528614'; Build Type 'Release'
OS: 'Windows 10 Home; OS build 19044.1706; Version 2009; 64bit' Language: 'sl' Physical Memory: 7068 MB
BatchMode: 1, IsHumanControllingUs: 0, StartBugReporterOnCrash: 0, Is64bit: 1, IsPro: 0

 COMMAND LINE ARGUMENTS:
C:\Users\blazp\Desktop\Unity projects\edditor\2021.1.5f1\Editor\Unity.exe
-adb2
-batchMode
-noUpm
-name
AssetImportWorker0
-projectPath
C:/Users/blazp/Desktop/Unity projects/Beat em up test
-logFile
Logs/AssetImportWorker0.log
-srvPort
63878
Successfully changed project path to: C:/Users/blazp/Desktop/Unity projects/Beat em up test
C:/Users/blazp/Desktop/Unity projects/Beat em up test
Using Asset Import Pipeline V2.
Refreshing native plugins compatible for Editor in 258.96 ms, found 2 plugins.
Preloading 0 native plugins for Editor in 0.00 ms.
Initialize engine version: 2021.1.5f1 (3737af19df53)
[Subsystems] Discovering subsystems at path C:/Users/blazp/Desktop/Unity projects/edditor/2021.1.5f1/Editor/Data/Resources/UnitySubsystems
[Subsystems] Discovering subsystems at path C:/Users/blazp/Desktop/Unity projects/Beat em up test/Assets
GfxDevice: creating device client; threaded=0; jobified=0
Direct3D:
    Version:  Direct3D 11.0 [level 11.1]
    Renderer: Radeon RX 560X Series (ID=0x67ef)
    Vendor:   ATI
    VRAM:     4075 MB
    Driver:   30.0.13023.4001
Initialize mono
Mono path[0] = 'C:/Users/blazp/Desktop/Unity projects/edditor/2021.1.5f1/Editor/Data/Managed'
Mono path[1] = 'C:/Users/blazp/Desktop/Unity projects/edditor/2021.1.5f1/Editor/Data/MonoBleedingEdge/lib/mono/unityjit'
Mono config path = 'C:/Users/blazp/Desktop/Unity projects/edditor/2021.1.5f1/Editor/Data/MonoBleedingEdge/etc'
Using monoOptions --debugger-agent=transport=dt_socket,embedding=1,server=y,suspend=n,address=127.0.0.1:56876
Begin MonoManager ReloadAssembly
Registering precompiled unity dll's ...
Register platform support module: C:/Users/blazp/Desktop/Unity projects/edditor/2021.1.5f1/Editor/Data/PlaybackEngines/MacStandaloneSupport/UnityEditor.OSXStandalone.Extensions.dll
Register platform support module: C:/Users/blazp/Desktop/Unity projects/edditor/2021.1.5f1/Editor/Data/PlaybackEngines/WindowsStandaloneSupport/UnityEditor.WindowsStandalone.Extensions.dll
Registered in 0.008300 seconds.
Native extension for WindowsStandalone target not found
Native extension for OSXStandalone target not found
Refreshing native plugins compatible for Editor in 317.38 ms, found 2 plugins.
Preloading 0 native plugins for Editor in 0.00 ms.
Mono: successfully reloaded assembly
- Completed reload, in  4.852 seconds
Platform modules already initialized, skipping
Registering precompiled user dll's ...
Registered in 0.011558 seconds.
Begin MonoManager ReloadAssembly
Native extension for WindowsStandalone target not found
Native extension for OSXStandalone target not found
Refreshing native plugins compatible for Editor in 299.44 ms, found 2 plugins.
Preloading 0 native plugins for Editor in 0.00 ms.
Mono: successfully reloaded assembly
- Completed reload, in  4.056 seconds
Platform modules already initialized, skipping
========================================================================
Worker process is ready to serve import requests
Launched and connected shader compiler UnityShaderCompiler.exe after 0.15 seconds
Refreshing native plugins compatible for Editor in 7.57 ms, found 2 plugins.
Preloading 0 native plugins for Editor in 0.00 ms.
Unloading 3673 Unused Serialized files (Serialized files now loaded: 0)
System memory in use before: 138.3 MB.
System memory in use after: 138.3 MB.

Unloading 31 unused Assets to reduce memory usage. Loaded Objects now: 4127.
Total: 7.662700 ms (FindLiveObjects: 0.638400 ms CreateObjectMapping: 0.278700 ms MarkObjects: 6.297900 ms  DeleteObjects: 0.443600 ms)

========================================================================
Received Import Request.
  path: Assets/Scripts/Char1Fight.cs
  artifactKey: Guid(ca97cf4193d5a114d9bbbfb01cf3e7d9) Importer(815301076,1909f56bfc062723c751e8b465ee728b)
Start importing Assets/Scripts/Char1Fight.cs using Guid(ca97cf4193d5a114d9bbbfb01cf3e7d9) Importer(815301076,1909f56bfc062723c751e8b465ee728b)  -> (artifact id: 'b24057a4ab2a11698502d9e79230e0a0') in 0.092915 seconds 
========================================================================
Received Prepare
Registering precompiled user dll's ...
Registered in 0.009912 seconds.
Begin MonoManager ReloadAssembly
Native extension for WindowsStandalone target not found
Native extension for OSXStandalone target not found
Refreshing native plugins compatible for Editor in 1.24 ms, found 2 plugins.
Preloading 0 native plugins for Editor in 0.00 ms.
Mono: successfully reloaded assembly
- Completed reload, in  3.244 seconds
Platform modules already initialized, skipping
Refreshing native plugins compatible for Editor in 1.25 ms, found 2 plugins.
Preloading 0 native plugins for Editor in 0.00 ms.
Unloading 3668 Unused Serialized files (Serialized files now loaded: 0)
System memory in use before: 138.4 MB.
System memory in use after: 138.5 MB.

Unloading 17 unused Assets to reduce memory usage. Loaded Objects now: 4131.
Total: 6.602200 ms (FindLiveObjects: 0.596200 ms CreateObjectMapping: 0.351100 ms MarkObjects: 5.439300 ms  DeleteObjects: 0.213200 ms)

========================================================================
Received Import Request.
  Time since last request: 1028.198452 seconds.
  path: Assets/Art/Animation/Player_Uppercut.anim
  artifactKey: Guid(693266a269c85944fa7c88f72f46ec0c) Importer(815301076,1909f56bfc062723c751e8b465ee728b)
Start importing Assets/Art/Animation/Player_Uppercut.anim using Guid(693266a269c85944fa7c88f72f46ec0c) Importer(815301076,1909f56bfc062723c751e8b465ee728b)  -> (artifact id: '16ed3ea527036b8ebee2055a4c26b214') in 0.067924 seconds 
========================================================================
Received Prepare
Registering precompiled user dll's ...
Registered in 0.020510 seconds.
Begin MonoManager ReloadAssembly
Native extension for WindowsStandalone target not found
Native extension for OSXStandalone target not found
Refreshing native plugins compatible for Editor in 1.25 ms, found 2 plugins.
Preloading 0 native plugins for Editor in 0.00 ms.
Mono: successfully reloaded assembly
- Completed reload, in  3.276 seconds
Platform modules already initialized, skipping
Refreshing native plugins compatible for Editor in 1.71 ms, found 2 plugins.
Preloading 0 native plugins for Editor in 0.00 ms.
Unloading 3668 Unused Serialized files (Serialized files now loaded: 0)
System memory in use before: 138.5 MB.
System memory in use after: 138.6 MB.

Unloading 17 unused Assets to reduce memory usage. Loaded Objects now: 4135.
Total: 6.405400 ms (FindLiveObjects: 0.501400 ms CreateObjectMapping: 0.230900 ms MarkObjects: 5.452300 ms  DeleteObjects: 0.218100 ms)

========================================================================
Received Prepare
Registering precompiled user dll's ...
Registered in 0.012467 seconds.
Begin MonoManager ReloadAssembly
Native extension for WindowsStandalone target not found
Native extension for OSXStandalone target not found
Refreshing native plugins compatible for Editor in 1.50 ms, found 2 plugins.
Preloading 0 native plugins for Editor in 0.00 ms.
Mono: successfully reloaded assembly
- Completed reload, in  3.021 seconds
Platform modules already initialized, skipping
Refreshing native plugins compatible for Editor in 1.31 ms, found 2 plugins.
Preloading 0 native plugins for Editor in 0.00 ms.
Unloading 3668 Unused Serialized files (Serialized files now loaded: 0)
System memory in use before: 138.5 MB.
System memory in use after: 138.6 MB.

Unloading 17 unused Assets to reduce memory usage. Loaded Objects now: 4139.
Total: 6.517400 ms (FindLiveObjects: 0.530800 ms CreateObjectMapping: 0.214300 ms MarkObjects: 5.558800 ms  DeleteObjects: 0.210900 ms)

========================================================================
Received Import Request.
  Time since last request: 295.711137 seconds.
  path: Assets/Art/Animation/Player_Kick.anim
  artifactKey: Guid(4c4995a5c7601f74bbea7f3960b41f04) Importer(815301076,1909f56bfc062723c751e8b465ee728b)
Start importing Assets/Art/Animation/Player_Kick.anim using Guid(4c4995a5c7601f74bbea7f3960b41f04) Importer(815301076,1909f56bfc062723c751e8b465ee728b)  -> (artifact id: '75bf9d2384b7a6962d555bd267e639fb') in 0.048411 seconds 
========================================================================
Received Import Request.
  Time since last request: 47.421293 seconds.
  path: Assets/Art/Animation/Player.controller
  artifactKey: Guid(840c595b5a372074fb41f187769a6a34) Importer(815301076,1909f56bfc062723c751e8b465ee728b)
Start importing Assets/Art/Animation/Player.controller using Guid(840c595b5a372074fb41f187769a6a34) Importer(815301076,1909f56bfc062723c751e8b465ee728b)  -> (artifact id: '018cfc67a1b537d66e215a1323a93372') in 0.040404 seconds 
========================================================================
Received Prepare
Registering precompiled user dll's ...
Registered in 0.010077 seconds.
Begin MonoManager ReloadAssembly
Native extension for WindowsStandalone target not found
Native extension for OSXStandalone target not found
Refreshing native plugins compatible for Editor in 1.30 ms, found 2 plugins.
Preloading 0 native plugins for Editor in 0.00 ms.
Mono: successfully reloaded assembly
- Completed reload, in  3.158 seconds
Platform modules already initialized, skipping
Refreshing native plugins compatible for Editor in 1.47 ms, found 2 plugins.
Preloading 0 native plugins for Editor in 0.00 ms.
Unloading 3668 Unused Serialized files (Serialized files now loaded: 0)
System memory in use before: 138.6 MB.
System memory in use after: 138.7 MB.

Unloading 17 unused Assets to reduce memory usage. Loaded Objects now: 4143.
Total: 6.474700 ms (FindLiveObjects: 0.532500 ms CreateObjectMapping: 0.216100 ms MarkObjects: 5.507000 ms  DeleteObjects: 0.216600 ms)

========================================================================
Received Prepare
Registering precompiled user dll's ...
Registered in 0.014818 seconds.
Begin MonoManager ReloadAssembly
Native extension for WindowsStandalone target not found
Native extension for OSXStandalone target not found
Refreshing native plugins compatible for Editor in 1.33 ms, found 2 plugins.
Preloading 0 native plugins for Editor in 0.00 ms.
Mono: successfully reloaded assembly
- Completed reload, in  3.124 seconds
Platform modules already initialized, skipping
Refreshing native plugins compatible for Editor in 1.35 ms, found 2 plugins.
Preloading 0 native plugins for Editor in 0.00 ms.
Unloading 3668 Unused Serialized files (Serialized files now loaded: 0)
System memory in use before: 138.6 MB.
System memory in use after: 138.7 MB.

Unloading 17 unused Assets to reduce memory usage. Loaded Objects now: 4147.
Total: 18.792900 ms (FindLiveObjects: 1.707400 ms CreateObjectMapping: 0.885200 ms MarkObjects: 15.395000 ms  DeleteObjects: 0.800800 ms)

AssetImportWorkerClient::OnTransportError - code=2 error=End of file
